This is pdfTeX, Version 3.141592653-2.6-1.40.24 (MiKTeX 22.3) (preloaded format=pdflatex 2022.5.5)  1 NOV 2022 23:54
entering extended mode
 restricted \write18 enabled.
 file:line:error style messages enabled.
 %&-line parsing enabled.
**./note.tex
(note.tex
LaTeX2e <2021-11-15> patch level 1
L3 programming layer <2022-04-29>
(C:\Users\aless\AppData\Local\Programs\MiKTeX\tex/latex/base\article.cls
Document Class: article 2021/10/04 v1.4n Standard LaTeX document class
(C:\Users\aless\AppData\Local\Programs\MiKTeX\tex/latex/base\size10.clo
File: size10.clo 2021/10/04 v1.4n Standard LaTeX file (size option)
)
\c@part=\count185
\c@section=\count186
\c@subsection=\count187
\c@subsubsection=\count188
\c@paragraph=\count189
\c@subparagraph=\count190
\c@figure=\count191
\c@table=\count192
\abovecaptionskip=\skip47
\belowcaptionskip=\skip48
\bibindent=\dimen138
)
(C:\Users\aless\AppData\Local\Programs\MiKTeX\tex/latex/amsmath\amsmath.sty
Package: amsmath 2021/10/15 v2.17l AMS math features
\@mathmargin=\skip49

For additional information on amsmath, use the `?' option.
(C:\Users\aless\AppData\Local\Programs\MiKTeX\tex/latex/amsmath\amstext.sty
Package: amstext 2021/08/26 v2.01 AMS text

(C:\Users\aless\AppData\Local\Programs\MiKTeX\tex/latex/amsmath\amsgen.sty
File: amsgen.sty 1999/11/30 v2.0 generic functions
\@emptytoks=\toks16
\ex@=\dimen139
))
(C:\Users\aless\AppData\Local\Programs\MiKTeX\tex/latex/amsmath\amsbsy.sty
Package: amsbsy 1999/11/29 v1.2d Bold Symbols
\pmbraise@=\dimen140
)
(C:\Users\aless\AppData\Local\Programs\MiKTeX\tex/latex/amsmath\amsopn.sty
Package: amsopn 2021/08/26 v2.02 operator names
)
\inf@bad=\count193
LaTeX Info: Redefining \frac on input line 234.
\uproot@=\count194
\leftroot@=\count195
LaTeX Info: Redefining \overline on input line 399.
\classnum@=\count196
\DOTSCASE@=\count197
LaTeX Info: Redefining \ldots on input line 496.
LaTeX Info: Redefining \dots on input line 499.
LaTeX Info: Redefining \cdots on input line 620.
\Mathstrutbox@=\box50
\strutbox@=\box51
\big@size=\dimen141
LaTeX Font Info:    Redeclaring font encoding OML on input line 743.
LaTeX Font Info:    Redeclaring font encoding OMS on input line 744.
\macc@depth=\count198
\c@MaxMatrixCols=\count199
\dotsspace@=\muskip16
\c@parentequation=\count266
\dspbrk@lvl=\count267
\tag@help=\toks17
\row@=\count268
\column@=\count269
\maxfields@=\count270
\andhelp@=\toks18
\eqnshift@=\dimen142
\alignsep@=\dimen143
\tagshift@=\dimen144
\tagwidth@=\dimen145
\totwidth@=\dimen146
\lineht@=\dimen147
\@envbody=\toks19
\multlinegap=\skip50
\multlinetaggap=\skip51
\mathdisplay@stack=\toks20
LaTeX Info: Redefining \[ on input line 2938.
LaTeX Info: Redefining \] on input line 2939.
)
(C:\Users\aless\AppData\Local\Programs\MiKTeX\tex/latex/amscls\amsthm.sty
Package: amsthm 2020/05/29 v2.20.6
\thm@style=\toks21
\thm@bodyfont=\toks22
\thm@headfont=\toks23
\thm@notefont=\toks24
\thm@headpunct=\toks25
\thm@preskip=\skip52
\thm@postskip=\skip53
\thm@headsep=\skip54
\dth@everypar=\toks26
)
(C:\Users\aless\AppData\Local\Programs\MiKTeX\tex/latex/amsfonts\amssymb.sty
Package: amssymb 2013/01/14 v3.01 AMS font symbols

(C:\Users\aless\AppData\Local\Programs\MiKTeX\tex/latex/amsfonts\amsfonts.sty
Package: amsfonts 2013/01/14 v3.01 Basic AMSFonts support
\symAMSa=\mathgroup4
\symAMSb=\mathgroup5
LaTeX Font Info:    Redeclaring math symbol \hbar on input line 98.
LaTeX Font Info:    Overwriting math alphabet `\mathfrak' in version `bold'
(Font)                  U/euf/m/n --> U/euf/b/n on input line 106.
)) (C:\Users\aless\AppData\Local\Programs\MiKTeX\tex/latex/anysize\anysize.sty
Package: anysize 1994/08/13 setting margin sizes

document style option `anysize' loaded
Michael Salzenberg, Thomas Esser, Dirk Hillbrecht
Version 1.0, Aug 13, 1994
\@Leftmargin=\dimen148
\@Rightmargin=\dimen149
\@Topmargin=\dimen150
\@Bottommargin=\dimen151
) (C:\Users\aless\AppData\Local\Programs\MiKTeX\tex/latex/listings\listings.sty
(C:\Users\aless\AppData\Local\Programs\MiKTeX\tex/latex/graphics\keyval.sty
Package: keyval 2014/10/28 v1.15 key=value parser (DPC)
\KV@toks@=\toks27
)
\lst@mode=\count271
\lst@gtempboxa=\box52
\lst@token=\toks28
\lst@length=\count272
\lst@currlwidth=\dimen152
\lst@column=\count273
\lst@pos=\count274
\lst@lostspace=\dimen153
\lst@width=\dimen154
\lst@newlines=\count275
\lst@lineno=\count276
\lst@maxwidth=\dimen155

(C:\Users\aless\AppData\Local\Programs\MiKTeX\tex/latex/listings\lstmisc.sty
File: lstmisc.sty 2020/03/24 1.8d (Carsten Heinz)
\c@lstnumber=\count277
\lst@skipnumbers=\count278
\lst@framebox=\box53
)
(C:\Users\aless\AppData\Local\Programs\MiKTeX\tex/latex/listings\listings.cfg
File: listings.cfg 2020/03/24 1.8d listings configuration
))
Package: listings 2020/03/24 1.8d (Carsten Heinz)
(C:\Users\aless\AppData\Local\Programs\MiKTeX\tex/latex/graphics\graphicx.sty
Package: graphicx 2021/09/16 v1.2d Enhanced LaTeX Graphics (DPC,SPQR)

(C:\Users\aless\AppData\Local\Programs\MiKTeX\tex/latex/graphics\graphics.sty
Package: graphics 2021/03/04 v1.4d Standard LaTeX Graphics (DPC,SPQR)

(C:\Users\aless\AppData\Local\Programs\MiKTeX\tex/latex/graphics\trig.sty
Package: trig 2021/08/11 v1.11 sin cos tan (DPC)
)
(C:\Users\aless\AppData\Local\Programs\MiKTeX\tex/latex/graphics-cfg\graphics.c
fg
File: graphics.cfg 2016/06/04 v1.11 sample graphics configuration
)
Package graphics Info: Driver file: pdftex.def on input line 107.

(C:\Users\aless\AppData\Local\Programs\MiKTeX\tex/latex/graphics-def\pdftex.def
File: pdftex.def 2020/10/05 v1.2a Graphics/color driver for pdftex
))
\Gin@req@height=\dimen156
\Gin@req@width=\dimen157
) (C:\Users\aless\AppData\Local\Programs\MiKTeX\tex/generic/babel\babel.sty
Package: babel 2022/04/30 3.74 The Babel package
\babel@savecnt=\count279
\U@D=\dimen158
\l@unhyphenated=\language79

(C:\Users\aless\AppData\Local\Programs\MiKTeX\tex/generic/babel\txtbabel.def)
\bbl@readstream=\read2
\bbl@dirlevel=\count280

*************************************
* Local config file bblopts.cfg used
*
(C:\Users\aless\AppData\Local\Programs\MiKTeX\tex/latex/arabi\bblopts.cfg
File: bblopts.cfg 2005/09/08 v0.1 add Arabic and Farsi to "declared" options of
 babel
)
(C:\Users\aless\AppData\Local\Programs\MiKTeX\tex/latex/babel-italian\italian.l
df
Language: italian 2022/03/27 v.1.4.07 Italian support for the babel system
\it@lettering=\count281
\it@doublequoteactive=\count282
\it@ISOcompliance=\count283
))
(C:\Users\aless\AppData\Local\Programs\MiKTeX\tex/latex/etoolbox\etoolbox.sty
Package: etoolbox 2020/10/05 v2.5k e-TeX tools for LaTeX (JAW)
\etb@tempcnta=\count284
)
(C:\Users\aless\AppData\Local\Programs\MiKTeX\tex/latex/booktabs\booktabs.sty
Package: booktabs 2020/01/12 v1.61803398 Publication quality tables
\heavyrulewidth=\dimen159
\lightrulewidth=\dimen160
\cmidrulewidth=\dimen161
\belowrulesep=\dimen162
\belowbottomsep=\dimen163
\aboverulesep=\dimen164
\abovetopsep=\dimen165
\cmidrulesep=\dimen166
\cmidrulekern=\dimen167
\defaultaddspace=\dimen168
\@cmidla=\count285
\@cmidlb=\count286
\@aboverulesep=\dimen169
\@belowrulesep=\dimen170
\@thisruleclass=\count287
\@lastruleclass=\count288
\@thisrulewidth=\dimen171
)
(C:\Users\aless\AppData\Local\Programs\MiKTeX\tex/latex/thmtools\thmtools.sty
Package: thmtools 2022/06/01 v0.73
\thmt@toks=\toks29
\c@thmt@dummyctr=\count289

(C:\Users\aless\AppData\Local\Programs\MiKTeX\tex/latex/thmtools\thm-patch.sty
Package: thm-patch 2022/06/01 v0.73

(C:\Users\aless\AppData\Local\Programs\MiKTeX\tex/latex/thmtools\parseargs.sty
Package: parseargs 2022/06/01 v0.73
\@parsespec=\toks30
)) (C:\Users\aless\AppData\Local\Programs\MiKTeX\tex/latex/thmtools\thm-kv.sty
Package: thm-kv 2022/06/01 v0.73
Package thm-kv Info: Theorem names will be uppercased on input line 42.

(C:\Users\aless\AppData\Local\Programs\MiKTeX\tex/generic/kvsetkeys\kvsetkeys.s
ty
Package: kvsetkeys 2019/12/15 v1.18 Key value parser (HO)
)
Package thm-kv Info: kvsetkeys patch (v1.16 or later) on input line 158.
)
(C:\Users\aless\AppData\Local\Programs\MiKTeX\tex/latex/thmtools\thm-autoref.st
y
Package: thm-autoref 2022/06/01 v0.73
 (C:\Users\aless\AppData\Local\Programs\MiKTeX\tex/latex/thmtools\aliasctr.sty
Package: aliasctr 2022/06/01 v0.73
))
(C:\Users\aless\AppData\Local\Programs\MiKTeX\tex/latex/thmtools\thm-listof.sty
Package: thm-listof 2022/06/01 v0.73
)
(C:\Users\aless\AppData\Local\Programs\MiKTeX\tex/latex/thmtools\thm-restate.st
y
Package: thm-restate 2022/06/01 v0.73
)
(C:\Users\aless\AppData\Local\Programs\MiKTeX\tex/latex/thmtools\thm-amsthm.sty
Package: thm-amsthm 2022/06/01 v0.73
\thmt@style@headstyle=\toks31
))
(C:\Users\aless\AppData\Local\Programs\MiKTeX\tex/latex/cleveref\cleveref.sty
Package: cleveref 2018/03/27 v0.21.4 Intelligent cross-referencing
Package cleveref Info: `amsthm' support loaded on input line 3026.
Package cleveref Info: `listings' support loaded on input line 3131.
)
(C:\Users\aless\AppData\Local\Programs\MiKTeX\tex/latex/hyperref\nameref.sty
Package: nameref 2021-04-02 v2.47 Cross-referencing by name of section

(C:\Users\aless\AppData\Local\Programs\MiKTeX\tex/latex/refcount\refcount.sty
Package: refcount 2019/12/15 v3.6 Data extraction from label references (HO)

(C:\Users\aless\AppData\Local\Programs\MiKTeX\tex/generic/ltxcmds\ltxcmds.sty
Package: ltxcmds 2020-05-10 v1.25 LaTeX kernel commands for general use (HO)
)
(C:\Users\aless\AppData\Local\Programs\MiKTeX\tex/generic/infwarerr\infwarerr.s
ty
Package: infwarerr 2019/12/03 v1.5 Providing info/warning/error messages (HO)
))
(C:\Users\aless\AppData\Local\Programs\MiKTeX\tex/generic/gettitlestring\gettit
lestring.sty
Package: gettitlestring 2019/12/15 v1.6 Cleanup title references (HO)

(C:\Users\aless\AppData\Local\Programs\MiKTeX\tex/latex/kvoptions\kvoptions.sty
Package: kvoptions 2020-10-07 v3.14 Key value format for package options (HO)
))
\c@section@level=\count290
LaTeX Info: Redefining \ref on input line 356.
LaTeX Info: Redefining \pageref on input line 356.
) (C:\Users\aless\AppData\Local\Programs\MiKTeX\tex/latex/siunitx\siunitx.sty
Package: siunitx 2022-07-23 v3.1.5 A comprehensive (SI) units package
\l__siunitx_angle_tmp_dim=\dimen172
\l__siunitx_angle_marker_box=\box54
\l__siunitx_angle_unit_box=\box55
\l__siunitx_compound_count_int=\count291

(C:\Users\aless\AppData\Local\Programs\MiKTeX\tex/latex/translations\translatio
ns.sty
Package: translations 2022/02/05 v1.12 internationalization of LaTeX2e packages
 (CN)

(C:\Users\aless\AppData\Local\Programs\MiKTeX\tex/generic/pdftexcmds\pdftexcmds
.sty
Package: pdftexcmds 2020-06-27 v0.33 Utility functions of pdfTeX for LuaTeX (HO
)
 (C:\Users\aless\AppData\Local\Programs\MiKTeX\tex/generic/iftex\iftex.sty
Package: iftex 2022/02/03 v1.0f TeX engine tests
)
Package pdftexcmds Info: \pdf@primitive is available.
Package pdftexcmds Info: \pdf@ifprimitive is available.
Package pdftexcmds Info: \pdfdraftmode found.
))
\l__siunitx_number_exponent_fixed_int=\count292
\l__siunitx_number_min_decimal_int=\count293
\l__siunitx_number_min_integer_int=\count294
\l__siunitx_number_round_precision_int=\count295
\l__siunitx_number_group_first_int=\count296
\l__siunitx_number_group_size_int=\count297
\l__siunitx_number_group_minimum_int=\count298
\l__siunitx_table_tmp_box=\box56
\l__siunitx_table_tmp_dim=\dimen173
\l__siunitx_table_column_width_dim=\dimen174
\l__siunitx_table_integer_box=\box57
\l__siunitx_table_decimal_box=\box58
\l__siunitx_table_before_box=\box59
\l__siunitx_table_after_box=\box60
\l__siunitx_table_before_dim=\dimen175
\l__siunitx_table_carry_dim=\dimen176
\l__siunitx_unit_tmp_int=\count299
\l__siunitx_unit_position_int=\count300
\l__siunitx_unit_total_int=\count301

(C:\Users\aless\AppData\Local\Programs\MiKTeX\tex/latex/l3packages/l3keys2e\l3k
eys2e.sty
(C:\Users\aless\AppData\Local\Programs\MiKTeX\tex/latex/l3kernel\expl3.sty
Package: expl3 2022-04-29 L3 programming layer (loader) 

(C:\Users\aless\AppData\Local\Programs\MiKTeX\tex/latex/l3backend\l3backend-pdf
tex.def
File: l3backend-pdftex.def 2022-04-20 L3 backend support: PDF output (pdfTeX)
\l__color_backend_stack_int=\count302
\l__pdf_internal_box=\box61
))
Package: l3keys2e 2022-01-12 LaTeX2e option processing using LaTeX3 keys
)
(C:\Users\aless\AppData\Local\Programs\MiKTeX\tex/latex/tools\array.sty
Package: array 2021/10/04 v2.5f Tabular extension package (FMi)
\col@sep=\dimen177
\ar@mcellbox=\box62
\extrarowheight=\dimen178
\NC@list=\toks32
\extratabsurround=\skip55
\backup@length=\skip56
\ar@cellbox=\box63
))
(C:\Users\aless\AppData\Local\Programs\MiKTeX\tex/latex/xcolor\xcolor.sty
Package: xcolor 2021/10/31 v2.13 LaTeX color extensions (UK)

(C:\Users\aless\AppData\Local\Programs\MiKTeX\tex/latex/graphics-cfg\color.cfg
File: color.cfg 2016/01/02 v1.6 sample color configuration
)
Package xcolor Info: Driver file: pdftex.def on input line 227.
Package xcolor Info: Model `cmy' substituted by `cmy0' on input line 1352.
Package xcolor Info: Model `hsb' substituted by `rgb' on input line 1356.
Package xcolor Info: Model `RGB' extended on input line 1368.
Package xcolor Info: Model `HTML' substituted by `rgb' on input line 1370.
Package xcolor Info: Model `Hsb' substituted by `hsb' on input line 1371.
Package xcolor Info: Model `tHsb' substituted by `hsb' on input line 1372.
Package xcolor Info: Model `HSB' substituted by `hsb' on input line 1373.
Package xcolor Info: Model `Gray' substituted by `gray' on input line 1374.
Package xcolor Info: Model `wave' substituted by `hsb' on input line 1375.
)
\c@theorem=\count303
\c@example=\count304
\c@property=\count305
\c@definition=\count306
 (note.aux)
\openout1 = `note.aux'.

LaTeX Font Info:    Checking defaults for OML/cmm/m/it on input line 115.
LaTeX Font Info:    ... okay on input line 115.
LaTeX Font Info:    Checking defaults for OMS/cmsy/m/n on input line 115.
LaTeX Font Info:    ... okay on input line 115.
LaTeX Font Info:    Checking defaults for OT1/cmr/m/n on input line 115.
LaTeX Font Info:    ... okay on input line 115.
LaTeX Font Info:    Checking defaults for T1/cmr/m/n on input line 115.
LaTeX Font Info:    ... okay on input line 115.
LaTeX Font Info:    Checking defaults for TS1/cmr/m/n on input line 115.
LaTeX Font Info:    ... okay on input line 115.
LaTeX Font Info:    Checking defaults for OMX/cmex/m/n on input line 115.
LaTeX Font Info:    ... okay on input line 115.
LaTeX Font Info:    Checking defaults for U/cmr/m/n on input line 115.
LaTeX Font Info:    ... okay on input line 115.
\c@lstlisting=\count307

(C:\Users\aless\AppData\Local\Programs\MiKTeX\tex/context/base/mkii\supp-pdf.mk
ii
[Loading MPS to PDF converter (version 2006.09.02).]
\scratchcounter=\count308
\scratchdimen=\dimen179
\scratchbox=\box64
\nofMPsegments=\count309
\nofMParguments=\count310
\everyMPshowfont=\toks33
\MPscratchCnt=\count311
\MPscratchDim=\dimen180
\MPnumerator=\count312
\makeMPintoPDFobject=\count313
\everyMPtoPDFconversion=\toks34
)
(C:\Users\aless\AppData\Local\Programs\MiKTeX\tex/latex/epstopdf-pkg\epstopdf-b
ase.sty
Package: epstopdf-base 2020-01-24 v2.11 Base part for package epstopdf
Package epstopdf-base Info: Redefining graphics rule for `.eps' on input line 4
85.

(C:\Users\aless\AppData\Local\Programs\MiKTeX\tex/latex/00miktex\epstopdf-sys.c
fg
File: epstopdf-sys.cfg 2021/03/18 v2.0 Configuration of epstopdf for MiKTeX
))
LaTeX Info: Redefining \it@ocap on input line 115.
LaTeX Info: Redefining \it@ccap on input line 115.


File italian.ldf warning: 
italian.ldf    With OT1 encoding guillemets are poorly faked
italian.ldf    Use T1 encoding
italian.ldf    or specify a font with command \CaporaliFrom
italian.ldf    See the documentation concerning the babel-italian typesetting 
italian.ldf    on input line 115.

Package translations Info: no dictionary file `translations-basic-dictionary-it
alian.trsl' found. on input line 115.
LaTeX Font Info:    Trying to load font information for U+msa on input line 121
.
(C:\Users\aless\AppData\Local\Programs\MiKTeX\tex/latex/amsfonts\umsa.fd
File: umsa.fd 2013/01/14 v3.01 AMS symbols A
)
LaTeX Font Info:    Trying to load font information for U+msb on input line 121
.

(C:\Users\aless\AppData\Local\Programs\MiKTeX\tex/latex/amsfonts\umsb.fd
File: umsb.fd 2013/01/14 v3.01 AMS symbols B
)
[1

{C:/Users/aless/AppData/Local/MiKTeX/fonts/map/pdftex/pdftex.map}]
<Images/iris_decision_tree.PNG, id=20, 772.38562pt x 415.5525pt>
File: Images/iris_decision_tree.PNG Graphic file (type png)
<use Images/iris_decision_tree.PNG>
Package pdftex.def Info: Images/iris_decision_tree.PNG  used on input line 222.

(pdftex.def)             Requested size: 446.13727pt x 240.0251pt.
 [2]
[3 <./Images/iris_decision_tree.PNG>] [4] [5] [6]
<Images/distributions.PNG, id=44, 703.12688pt x 493.0922pt>
File: Images/distributions.PNG Graphic file (type png)
<use Images/distributions.PNG>
Package pdftex.def Info: Images/distributions.PNG  used on input line 471.
(pdftex.def)             Requested size: 446.13727pt x 312.8693pt.
 [7] [8 <./Images/distributions.PNG>] [9] [10] [11] [12] [13] (note.aux
Package cleveref Info: loaded `italian' language definitions on input line 4.
Package cleveref Info: loaded `italian' language definitions on input line 5.
) ) 
Here is how much of TeX's memory you used:
 12430 strings out of 478619
 257285 string characters out of 2843246
 568637 words of memory out of 3000000
 30427 multiletter control sequences out of 15000+600000
 481757 words of font info for 74 fonts, out of 8000000 for 9000
 1141 hyphenation exceptions out of 8191
 74i,22n,79p,657b,819s stack positions out of 10000i,1000n,20000p,200000b,80000s
{C:/Users/aless/AppData/Local/Programs/MiKTeX/fonts/enc/dvips/cm-super/cm-su
per-ts1.enc}<C:/Users/aless/AppData/Local/Programs/MiKTeX/fonts/type1/public/am
sfonts/cm/cmbx10.pfb><C:/Users/aless/AppData/Local/Programs/MiKTeX/fonts/type1/
public/amsfonts/cm/cmbx12.pfb><C:/Users/aless/AppData/Local/Programs/MiKTeX/fon
ts/type1/public/amsfonts/cm/cmbx7.pfb><C:/Users/aless/AppData/Local/Programs/Mi
KTeX/fonts/type1/public/amsfonts/cm/cmcsc10.pfb><C:/Users/aless/AppData/Local/P
rograms/MiKTeX/fonts/type1/public/amsfonts/cm/cmex10.pfb><C:/Users/aless/AppDat
a/Local/Programs/MiKTeX/fonts/type1/public/amsfonts/cm/cmmi10.pfb><C:/Users/ale
ss/AppData/Local/Programs/MiKTeX/fonts/type1/public/amsfonts/cm/cmmi5.pfb><C:/U
sers/aless/AppData/Local/Programs/MiKTeX/fonts/type1/public/amsfonts/cm/cmmi7.p
fb><C:/Users/aless/AppData/Local/Programs/MiKTeX/fonts/type1/public/amsfonts/cm
/cmmib10.pfb><C:/Users/aless/AppData/Local/Programs/MiKTeX/fonts/type1/public/a
msfonts/cmextra/cmmib7.pfb><C:/Users/aless/AppData/Local/Programs/MiKTeX/fonts/
type1/public/amsfonts/cm/cmr10.pfb><C:/Users/aless/AppData/Local/Programs/MiKTe
X/fonts/type1/public/amsfonts/cm/cmr12.pfb><C:/Users/aless/AppData/Local/Progra
ms/MiKTeX/fonts/type1/public/amsfonts/cm/cmr17.pfb><C:/Users/aless/AppData/Loca
l/Programs/MiKTeX/fonts/type1/public/amsfonts/cm/cmr5.pfb><C:/Users/aless/AppDa
ta/Local/Programs/MiKTeX/fonts/type1/public/amsfonts/cm/cmr6.pfb><C:/Users/ales
s/AppData/Local/Programs/MiKTeX/fonts/type1/public/amsfonts/cm/cmr7.pfb><C:/Use
rs/aless/AppData/Local/Programs/MiKTeX/fonts/type1/public/amsfonts/cm/cmr8.pfb>
<C:/Users/aless/AppData/Local/Programs/MiKTeX/fonts/type1/public/amsfonts/cm/cm
sy10.pfb><C:/Users/aless/AppData/Local/Programs/MiKTeX/fonts/type1/public/amsfo
nts/cm/cmsy5.pfb><C:/Users/aless/AppData/Local/Programs/MiKTeX/fonts/type1/publ
ic/amsfonts/cm/cmsy7.pfb><C:/Users/aless/AppData/Local/Programs/MiKTeX/fonts/ty
pe1/public/amsfonts/cm/cmti10.pfb><C:/Users/aless/AppData/Local/Programs/MiKTeX
/fonts/type1/public/amsfonts/symbols/msbm10.pfb><C:/Users/aless/AppData/Local/P
rograms/MiKTeX/fonts/type1/public/amsfonts/symbols/msbm7.pfb><C:/Users/aless/Ap
pData/Local/Programs/MiKTeX/fonts/type1/public/cm-super/sfrm1000.pfb>
Output written on note.pdf (13 pages, 528070 bytes).
PDF statistics:
 171 PDF objects out of 1000 (max. 8388607)
 0 named destinations out of 1000 (max. 500000)
 11 words of extra memory for PDF output out of 10000 (max. 10000000)

